<?xml version="1.0" encoding="UTF-8"?>
<!-- Generated by org.testng.reporters.JUnitReportReporter -->
<testsuite hostname="LAPTOP-OP00BPI3" failures="0" tests="3" name="Test_Runner.User_Login_Test" time="28.358" errors="0" timestamp="2021-10-21T07:22:49 IST" skipped="0">
  <testcase classname="Test_Runner.User_Login_Test" name="test_cases" time="9.163"/>
  <system-out/>
  <testcase classname="Test_Runner.User_Login_Test" name="test_cases" time="10.009"/>
  <system-out/>
  <testcase classname="Test_Runner.User_Login_Test" name="test_cases" time="9.186"/>
  <system-out/>
</testsuite> <!-- Test_Runner.User_Login_Test -->
