<?xml version="1.0" encoding="UTF-8"?>
<!-- Generated by org.testng.reporters.JUnitReportReporter -->
<testsuite hostname="LAPTOP-OP00BPI3" failures="0" tests="3" name="Test_Runner.User_Login_Write_test_Status" time="29.830" errors="0" timestamp="2021-10-22T07:55:17 IST" skipped="0">
  <testcase classname="Test_Runner.User_Login_Write_test_Status" name="test_cases" time="9.353"/>
  <system-out/>
  <testcase classname="Test_Runner.User_Login_Write_test_Status" name="test_cases" time="11.060"/>
  <system-out/>
  <testcase classname="Test_Runner.User_Login_Write_test_Status" name="test_cases" time="9.417"/>
  <system-out/>
</testsuite> <!-- Test_Runner.User_Login_Write_test_Status -->
