<?xml version="1.0" encoding="UTF-8"?>
<!-- Generated by org.testng.reporters.JUnitReportReporter -->
<testsuite hostname="LAPTOP-OP00BPI3" failures="0" tests="3" name="Test_Runner.User_Login_Test" time="30.193" errors="0" timestamp="2021-10-20T08:20:39 IST" skipped="0">
  <testcase classname="Test_Runner.User_Login_Test" name="test_cases" time="9.619"/>
  <system-out/>
  <testcase classname="Test_Runner.User_Login_Test" name="test_cases" time="8.932"/>
  <system-out/>
  <testcase classname="Test_Runner.User_Login_Test" name="test_cases" time="11.642"/>
  <system-out/>
</testsuite> <!-- Test_Runner.User_Login_Test -->
